<?xml version="1.0" encoding="utf-8"?><testsuites name="pytest tests"><testsuite name="pytest" errors="0" failures="1" skipped="0" tests="226" time="366.866" timestamp="2026-09-19T23:31:16.927197+05:30" hostname="zephyrus"><testcase classname="tests.integration.test_15q_demo_and_contextual_followup" name="test_exact_15_question_interview_lifecycle" time="5.928" /><testcase classname="tests.integration.test_15q_demo_and_contextual_followup" name="test_qwen_followup_prompt_contextual_grounding" time="0.001" /><testcase classname="tests.integration.test_15q_demo_and_contextual_followup" name="test_followup_injection_caps_queue_at_15" time="4.887" /><testcase classname="tests.integration.test_15q_demo_and_contextual_followup" name="test_evaluator_concept_extraction_uses_human_readable_names" time="0.001" /><testcase classname="tests.integration.test_15q_demo_and_contextual_followup" name="test_absence_of_hint_workflow_in_orchestrator" time="0.048" /><testcase classname="tests.integration.test_e2e_personalization_trajectories" name="test_e2e_personalization_divergence_strong_vs_weak" time="9.936" /><testcase classname="tests.integration.test_full_interview_lifecycle" name="test_full_interview_lifecycle_simulation" time="9.256" /><testcase classname="tests.integration.test_multiagent_responsibility_and_failures" name="test_evaluator_failure_produces_structured_failure_without_fabrication" time="0.550" /><testcase classname="tests.integration.test_multiagent_responsibility_and_failures" name="test_qwen_failure_preserves_evaluator_evidence" time="4.355" /><testcase classname="tests.integration.test_multiagent_responsibility_and_failures" name="test_docker_unavailability_produces_structured_sandbox_error" time="0.006" /><testcase classname="tests.integration.test_multiagent_responsibility_and_failures" name="test_rl_unavailability_produces_non_rl_heuristic_recovery" time="0.028" /><testcase classname="tests.integration.test_multiagent_responsibility_and_failures" name="test_followup_agent_cannot_alter_authoritative_evaluator_score" time="0.042" /><testcase classname="tests.unit.test_coding_executor" name="test_validate_source_safety_blocks_dangerous_c_headers" time="0.001" /><testcase classname="tests.unit.test_coding_executor" name="test_validate_source_safety_blocks_empty_code" time="0.001" /><testcase classname="tests.unit.test_coding_executor" name="test_validate_source_safety_accepts_clean_c_code" time="0.001" /><testcase classname="tests.unit.test_coding_executor" name="test_policy_blocked_submission_structure" time="0.001" /><testcase classname="tests.unit.test_coding_executor" name="test_docker_compiles_and_runs_correct_c_program" time="2.211" /><testcase classname="tests.unit.test_coding_executor" name="test_docker_wrong_answer_output_comparison" time="1.670" /><testcase classname="tests.unit.test_coding_executor" name="test_docker_detects_c_compilation_error" time="1.024" /><testcase classname="tests.unit.test_coding_executor" name="test_docker_runtime_error_segfault" time="1.643" /><testcase classname="tests.unit.test_coding_executor" name="test_docker_terminates_infinite_loop_timeout" time="2.979" /><testcase classname="tests.unit.test_coding_executor" name="test_docker_memory_limit_oom_enforcement" time="2.102" /><testcase classname="tests.unit.test_coding_executor" name="test_docker_network_isolation_blocked" time="2.113" /><testcase classname="tests.unit.test_coding_executor" name="test_docker_pid_limit_process_capping" time="2.051" /><testcase classname="tests.unit.test_coding_executor" name="test_docker_output_limit_truncation" time="1.941" /><testcase classname="tests.unit.test_coding_executor" name="test_docker_non_root_uid_gid" time="1.924" /><testcase classname="tests.unit.test_coding_executor" name="test_docker_filesystem_root_read_only" time="1.895" /><testcase classname="tests.unit.test_coding_executor" name="test_docker_partial_test_performance_7_of_10_passed" time="7.685" /><testcase classname="tests.unit.test_coding_executor" name="test_docker_mandatory_test_failure_caps_score" time="3.238" /><testcase classname="tests.unit.test_coding_executor" name="test_candidate_state_tracks_rich_coding_metrics" time="0.111" /><testcase classname="tests.unit.test_coding_executor" name="test_ppo_observation_remains_strictly_6d_after_coding_turn" time="0.004" /><testcase classname="tests.unit.test_coding_executor" name="test_stage5_ppo_checkpoint_loads_and_infers_cleanly" time="0.027" /><testcase classname="tests.unit.test_evaluator" name="test_completely_correct_answer" time="1.966" /><testcase classname="tests.unit.test_evaluator" name="test_partially_correct_answer" time="0.225" /><testcase classname="tests.unit.test_evaluator" name="test_completely_wrong_answer" time="0.333" /><testcase classname="tests.unit.test_evaluator" name="test_confident_wrong_answer" time="0.307" /><testcase classname="tests.unit.test_evaluator" name="test_keyword_stuffed_wrong_answer" time="0.265" /><testcase classname="tests.unit.test_evaluator" name="test_off_topic_answer" time="0.242" /><testcase classname="tests.unit.test_evaluator" name="test_correct_terminology_incorrect_reasoning" time="0.249" /><testcase classname="tests.unit.test_evaluator" name="test_missing_mandatory_concept" time="0.216" /><testcase classname="tests.unit.test_evaluator" name="test_correct_answer_weak_explanation" time="0.202" /><testcase classname="tests.unit.test_evaluator" name="test_paraphrased_correct_answer" time="0.450" /><testcase classname="tests.unit.test_evaluator" name="test_score_ordering_invariants" time="1.204" /><testcase classname="tests.unit.test_orchestrator" name="test_baseline_standard_path" time="0.050" /><testcase classname="tests.unit.test_orchestrator" name="test_baseline_demo_rl_3q" time="0.031" /><testcase classname="tests.unit.test_orchestrator" name="test_rl_phase_harder" time="0.031" /><testcase classname="tests.unit.test_orchestrator" name="test_rl_phase_same" time="0.030" /><testcase classname="tests.unit.test_orchestrator" name="test_guardrail_g4_stuck" time="0.029" /><testcase classname="tests.unit.test_orchestrator" name="test_guardrail_g5_followup" time="0.029" /><testcase classname="tests.unit.test_orchestrator" name="test_guardrail_g3_cap" time="0.029" /><testcase classname="tests.unit.test_orchestrator" name="test_followup_injection" time="0.054" /><testcase classname="tests.unit.test_orchestrator" name="test_skip_no_answer_entry" time="0.034" /><testcase classname="tests.unit.test_orchestrator" name="test_end_idempotent" time="0.035" /><testcase classname="tests.unit.test_orchestrator" name="test_report_full_body_stored" time="0.036" /><testcase classname="tests.unit.test_orchestrator" name="test_lock_serialises_concurrent" time="9.921" /><testcase classname="tests.unit.test_orchestrator" name="test_code_submission_path" time="0.050" /><testcase classname="tests.unit.test_orchestrator" name="test_end_from_skip" time="0.025" /><testcase classname="tests.unit.test_orchestrator" name="test_ppo_available_action_used_and_attributed" time="0.021" /><testcase classname="tests.unit.test_orchestrator" name="test_ppo_unavailable_explicit_rl_failure_and_non_rl_recovery" time="0.022" /><testcase classname="tests.unit.test_orchestrator" name="test_guardrail_override_distinguishable_from_raw_ppo" time="0.022" /><testcase classname="tests.unit.test_orchestrator" name="test_baseline_warmup_distinguishable_from_ppo" time="0.020" /><testcase classname="tests.unit.test_orchestrator" name="test_no_heuristic_action_ever_falsely_attributed_to_ppo" time="0.021" /><testcase classname="tests.unit.test_orchestrator" name="test_hybrid_orchestrator_suggest_records_explicit_status" time="0.001" /><testcase classname="tests.unit.test_paper3_blockers" name="test_dim4_progress_ratio_in_interview_env" time="0.010" /><testcase classname="tests.unit.test_paper3_blockers" name="test_dim4_progress_ratio_in_hybrid_orchestrator" time="0.001" /><testcase classname="tests.unit.test_paper3_blockers" name="test_aligned_interview_env_modes" time="0.004" /><testcase classname="tests.unit.test_paper3_blockers" name="test_fixed_difficulty_baseline_non_zero_tracking_error" time="0.010" /><testcase classname="tests.unit.test_paper3_blockers" name="test_guardrail_infrastructure_failure" time="0.001" /><testcase classname="tests.unit.test_paper3_blockers" name="test_guardrail_g4_stuck_candidate" time="0.001" /><testcase classname="tests.unit.test_paper3_blockers" name="test_guardrail_g1_overload_protection" time="0.001" /><testcase classname="tests.unit.test_paper3_blockers" name="test_guardrail_g2_anxiety_stabilizer" time="0.001" /><testcase classname="tests.unit.test_paper3_blockers" name="test_guardrail_g5_partial_understanding" time="0.001" /><testcase classname="tests.unit.test_paper3_blockers" name="test_guardrail_g6_strong_performer" time="0.001" /><testcase classname="tests.unit.test_paper3_blockers" name="test_checkpoint_isolation_assertions" time="0.002" /><testcase classname="tests.unit.test_paper3_blockers" name="test_training_convergence_callback" time="0.020" /><testcase classname="tests.unit.test_persistence_and_history" name="test_init_db_creates_tables_and_indices" time="0.036" /><testcase classname="tests.unit.test_persistence_and_history" name="test_candidate_identity_persistent_across_logins" time="0.053" /><testcase classname="tests.unit.test_persistence_and_history" name="test_multi_attempt_numbering_and_best_selection" time="0.074" /><testcase classname="tests.unit.test_persistence_and_history" name="test_tie_breaking_fewest_missing_concepts_wins" time="0.074" /><testcase classname="tests.unit.test_persistence_and_history" name="test_tie_breaking_most_recent_wins_on_equal_missing" time="0.078" /><testcase classname="tests.unit.test_persistence_and_history" name="test_data_isolation_between_candidates_and_questions" time="0.098" /><testcase classname="tests.unit.test_persistence_and_history" name="test_followup_attempt_does_not_overwrite_primary_best" time="0.059" /><testcase classname="tests.unit.test_persistence_and_history" name="test_compare_with_previous_best_concept_tracking" time="0.049" /><testcase classname="tests.unit.test_persistence_and_history" name="test_orchestrator_same_session_retry_flow" time="14.722" /><testcase classname="tests.unit.test_persistence_and_history" name="test_exact_best_score_consistency_uncontaminated_by_timer" time="4.990" /><testcase classname="tests.unit.test_persistence_and_history" name="test_explicit_rl_retry_isolation_call_counts" time="14.753" /><testcase classname="tests.unit.test_persistence_and_history" name="test_mandatory_followup_cannot_be_skipped_or_displaced" time="0.082" /><testcase classname="tests.unit.test_persistence_and_history" name="test_rollback_tentative_attempt_preserves_sqlite_history" time="9.795" /><testcase classname="tests.unit.test_persistence_and_history" name="test_deterministic_best_flag_integrity_five_attempt_sequence_and_ties" time="0.179" /><testcase classname="tests.unit.test_personalization_questions" name="test_question_bank_size_exceeds_100" time="0.001" /><testcase classname="tests.unit.test_personalization_questions" name="test_rubric_bank_size_exceeds_100" time="0.001" /><testcase classname="tests.unit.test_personalization_questions" name="test_all_questions_have_valid_metadata" time="0.001" /><testcase classname="tests.unit.test_personalization_questions" name="test_first_question_is_easy_or_easy_medium" time="0.007" /><testcase classname="tests.unit.test_personalization_questions" name="test_duplicate_id_prevention" time="0.032" /><testcase classname="tests.unit.test_personalization_questions" name="test_identical_normalized_text_prevention" time="0.177" /><testcase classname="tests.unit.test_personalization_questions" name="test_lexical_token_overlap_detection" time="0.001" /><testcase classname="tests.unit.test_personalization_questions" name="test_different_questions_sharing_terminology_not_rejected" time="0.001" /><testcase classname="tests.unit.test_personalization_questions" name="test_decision_source_attribution" time="4.934" /><testcase classname="tests.unit.test_personalization_questions" name="test_canonical_candidate_state_is_single_source_of_truth" time="9.772" /><testcase classname="tests.unit.test_personalization_questions" name="test_heuristic_question_selection_trajectory_divergence" time="14.663" /><testcase classname="tests.unit.test_personalization_questions" name="test_baseline_main_questions_flow_and_followup_isolation" time="9.744" /><testcase classname="tests.unit.test_personalization_questions" name="test_single_authoritative_question_selector_path" time="0.023" /><testcase classname="tests.unit.test_qwen_followup_feedback" name="test_followup_api_contract" time="0.034" /><testcase classname="tests.unit.test_qwen_followup_feedback" name="test_qwen_json_parsing" time="0.001" /><testcase classname="tests.unit.test_qwen_followup_feedback" name="test_missing_concept_followup" time="0.001" /><testcase classname="tests.unit.test_qwen_followup_feedback" name="test_misconception_followup" time="0.001" /><testcase classname="tests.unit.test_qwen_followup_feedback" name="test_strong_answer_followup" time="0.001" /><testcase classname="tests.unit.test_qwen_followup_feedback" name="test_duplicate_followup_prevention" time="0.001" /><testcase classname="tests.unit.test_qwen_followup_feedback" name="test_personalized_feedback_contract" time="0.007" /><testcase classname="tests.unit.test_qwen_followup_feedback" name="test_wrong_answer_feedback" time="0.001" /><testcase classname="tests.unit.test_qwen_followup_feedback" name="test_partial_answer_feedback" time="0.001" /><testcase classname="tests.unit.test_qwen_followup_feedback" name="test_strong_answer_feedback" time="0.001" /><testcase classname="tests.unit.test_qwen_followup_feedback" name="test_exact_transcript_grounding" time="0.001" /><testcase classname="tests.unit.test_qwen_followup_feedback" name="test_followup_decision_policy_matrix" time="0.001" /><testcase classname="tests.unit.test_qwen_followup_feedback" name="test_baseline_question_counting_ignores_followups" time="34.074" /><testcase classname="tests.unit.test_qwen_followup_feedback" name="test_qwen_attribution_available_vs_unavailable" time="0.001" /><testcase classname="tests.unit.test_qwen_specific_feedback" name="test_feedback_request_response_schemas" time="0.001" /><testcase classname="tests.unit.test_qwen_specific_feedback" name="test_synthesize_feedback_attempt_awareness" time="0.004" /><testcase classname="tests.unit.test_qwen_specific_feedback" name="test_prompt_builder_includes_attempt_context" time="0.001" /><testcase classname="tests.unit.test_qwen_specific_feedback" name="test_validate_feedback_output_rejects_empty_and_boilerplate" time="0.001" /><testcase classname="tests.unit.test_qwen_specific_feedback" name="test_feedback_agent_passes_attempt_and_comparison" time="4.831" /><testcase classname="tests.unit.test_qwen_specific_feedback" name="test_validate_feedback_output_rejects_contradictions" time="0.001" /><testcase classname="tests.unit.test_qwen_specific_feedback" name="test_validate_feedback_output_rejects_score_leakage" time="0.001" /><testcase classname="tests.unit.test_qwen_specific_feedback" name="test_feedback_cannot_alter_authoritative_evaluator_score" time="0.001" /><testcase classname="tests.unit.test_real_qwen_inference" name="test_real_qwen_inference_misconception_followup" time="44.045" /><testcase classname="tests.unit.test_rl_env" name="test_rl_observation_shape_and_dtype" time="0.016" /><testcase classname="tests.unit.test_rl_env" name="test_rl_observation_deterministic_construction" time="0.014" /><testcase classname="tests.unit.test_rl_env" name="test_rl_observation_no_nan_or_inf" time="0.002" /><testcase classname="tests.unit.test_rl_env" name="test_rl_observation_normalization_bounds" time="0.002" /><testcase classname="tests.unit.test_rl_env" name="test_rl_observation_missing_and_default_handling" time="0.001" /><testcase classname="tests.unit.test_rl_env" name="test_training_and_runtime_dimensional_parity" time="0.013" /><testcase classname="tests.unit.test_rl_env" name="test_training_and_runtime_semantic_parity" time="0.019" /><testcase classname="tests.unit.test_rl_env" name="test_canonical_orchestrator_state_extracts_to_observation" time="0.002" /><testcase classname="tests.unit.test_rl_env" name="test_action_space_is_strictly_three_discrete_actions" time="0.005" /><testcase classname="tests.unit.test_rl_env" name="test_difficulty_transitions_bounds" time="0.166" /><testcase classname="tests.unit.test_rl_env" name="test_baseline_phase_does_not_invoke_ppo" time="0.053" /><testcase classname="tests.unit.test_rl_env" name="test_ppo_activates_strictly_after_baseline_complete" time="0.056" /><testcase classname="tests.unit.test_rl_env" name="test_interview_env_step_transition" time="0.005" /><testcase classname="tests.unit.test_rl_env" name="test_interview_env_reward_components" time="0.008" /><testcase classname="tests.unit.test_rl_env" name="test_guardrail_g4_stuck_overrides_to_easier" time="0.003" /><testcase classname="tests.unit.test_rl_env" name="test_guardrail_g6_strong_candidate_pushes_harder" time="0.003" /><testcase classname="tests.unit.test_rl_env" name="test_incompatible_checkpoint_action_space_rejected" time="0.003" /><testcase classname="tests.unit.test_rl_env" name="test_different_candidate_states_produce_distinct_observations" time="0.003" /><testcase classname="tests.unit.test_score_validator" name="test_validator_clamps_out_of_range_numeric" time="0.001" /><testcase classname="tests.unit.test_score_validator" name="test_validator_handles_missing_and_none_score" time="0.002" /><testcase classname="tests.unit.test_score_validator" name="test_validator_handles_wrong_type_and_non_numeric" time="0.002" /><testcase classname="tests.unit.test_score_validator" name="test_validator_handles_nan_and_inf" time="0.002" /><testcase classname="tests.unit.test_score_validator" name="test_validator_handles_malformed_and_none_evidence" time="0.001" /><testcase classname="tests.unit.test_score_validator" name="test_validator_enforces_mandatory_cap_on_contradictory_evaluation" time="0.001" /><testcase classname="tests.unit.test_score_validator" name="test_validator_applies_mistake_penalty" time="0.001" /><testcase classname="tests.unit.test_score_validator" name="test_validator_penalizes_coding_failures" time="0.002" /><testcase classname="tests.unit.test_score_validator" name="test_validator_distinguishes_infrastructure_failure_from_candidate_failure" time="0.001" /><testcase classname="tests.unit.test_speech_pipeline" name="test_normal_speech_normalization" time="0.001" /><testcase classname="tests.unit.test_speech_pipeline" name="test_technical_terminology_fidelity" time="0.001" /><testcase classname="tests.unit.test_speech_pipeline" name="test_misconception_text_preservation" time="0.001" /><testcase classname="tests.unit.test_speech_pipeline" name="test_repeated_words_preservation" time="0.001" /><testcase classname="tests.unit.test_speech_pipeline" name="test_filler_words_hesitation_scoring" time="0.003" /><testcase classname="tests.unit.test_speech_pipeline" name="test_acoustic_timing_and_pause_extraction" time="0.228" /><testcase classname="tests.unit.test_speech_pipeline" name="test_api_transcribe_authoritative_audio_flow" time="10.361" /><testcase classname="tests.unit.test_speech_pipeline" name="test_audio_confidence_scoring" time="0.897" /><testcase classname="tests.unit.test_speech_pipeline" name="test_orchestrator_receives_authoritative_transcript" time="5.001" /><testcase classname="tests.unit.test_speech_pipeline" name="test_browser_preview_never_promoted_to_authoritative_transcript" time="1.072" /><testcase classname="tests.unit.test_speech_pipeline" name="test_stt_failure_produces_structured_failure_state" time="4.885" /><testcase classname="tests.unit.test_speech_pipeline" name="test_whisperx_dependency_gated_execution" time="0.001" /><testcase classname="tests.unit.test_stage11_3_followup_and_evaluation" name="test_partial_answer_missing_concept_followup" time="0.298" /><testcase classname="tests.unit.test_stage11_3_followup_and_evaluation" name="test_misconception_corrective_followup" time="0.152" /><testcase classname="tests.unit.test_stage11_3_followup_and_evaluation" name="test_wrong_answer_grounded_followup" time="0.134" /><testcase classname="tests.unit.test_stage11_3_followup_and_evaluation" name="test_strong_answer_no_unnecessary_followup" time="0.037" /><testcase classname="tests.unit.test_stage11_3_followup_and_evaluation" name="test_followup_resolves_gap_stops_followups" time="0.020" /><testcase classname="tests.unit.test_stage11_3_followup_and_evaluation" name="test_followup_fails_triggers_second_followup" time="4.895" /><testcase classname="tests.unit.test_stage11_3_followup_and_evaluation" name="test_second_followup_hard_cap_enforced" time="0.025" /><testcase classname="tests.unit.test_stage11_3_followup_and_evaluation" name="test_exact_transcript_grounding" time="0.001" /><testcase classname="tests.unit.test_stage11_3_followup_and_evaluation" name="test_followup_deduplication" time="0.001" /><testcase classname="tests.unit.test_stage11_3_followup_and_evaluation" name="test_qwen_failure_explicit_reported_no_fabrication" time="4.348" /><testcase classname="tests.unit.test_stage11_3_followup_and_evaluation" name="test_followup_history_separated_from_main_question_count" time="0.022" /><testcase classname="tests.unit.test_stage11_3_followup_and_evaluation" name="test_state_update_after_followup" time="0.018" /><testcase classname="tests.unit.test_stage11_3_followup_and_evaluation" name="test_pause_time_propagation_consistency" time="0.018" /><testcase classname="tests.unit.test_stage11_3_followup_and_evaluation" name="test_topic_performance_mapping_consistency" time="0.017" /><testcase classname="tests.unit.test_stage11_3_followup_and_evaluation" name="test_training_and_runtime_time_norm_formula_consistency" time="0.002" /><testcase classname="tests.unit.test_stage11_4_coding_verification" name="test_accepted_c_solution" time="2.585" /><testcase classname="tests.unit.test_stage11_4_coding_verification" name="test_partial_c_solution" time="6.040" /><testcase classname="tests.unit.test_stage11_4_coding_verification" name="test_compilation_error_diagnostic" time="0.547" /><testcase classname="tests.unit.test_stage11_4_coding_verification" name="test_runtime_error_segfault" time="1.217" /><testcase classname="tests.unit.test_stage11_4_coding_verification" name="test_timeout_infinite_loop" time="3.262" /><testcase classname="tests.unit.test_stage11_4_coding_verification" name="test_memory_limit_cgroup_kill" time="1.368" /><testcase classname="tests.unit.test_stage11_4_coding_verification" name="test_network_isolation" time="1.402" /><testcase classname="tests.unit.test_stage11_4_coding_verification" name="test_filesystem_isolation_read_only_root" time="1.371" /><testcase classname="tests.unit.test_stage11_4_coding_verification" name="test_non_root_execution_uid_gid" time="1.254" /><testcase classname="tests.unit.test_stage11_4_coding_verification" name="test_pid_limit_fork_bomb" time="1.330" /><testcase classname="tests.unit.test_stage11_4_coding_verification" name="test_output_limit_bounded_stdout" time="1.422" /><testcase classname="tests.unit.test_stage11_4_coding_verification" name="test_mandatory_test_case_failure_cap" time="2.619" /><testcase classname="tests.unit.test_stage11_4_coding_verification" name="test_docker_unavailable_structured_failure" time="0.002" /><testcase classname="tests.unit.test_stage11_4_coding_verification" name="test_candidate_state_and_rl_6d_separation" time="0.086" /><testcase classname="tests.unit.test_stage11_5_coding_adaptation" name="test_accepted_coding_result_updates_candidate_state" time="2.692" /><testcase classname="tests.unit.test_stage11_5_coding_adaptation" name="test_partial_coding_result_updates_candidate_state" time="1.964" /><testcase classname="tests.unit.test_stage11_5_coding_adaptation" name="test_failed_coding_result_compilation_error" time="0.710" /><testcase classname="tests.unit.test_stage11_5_coding_adaptation" name="test_infrastructure_failure_does_not_corrupt_candidate_metrics" time="0.038" /><testcase classname="tests.unit.test_stage11_5_coding_adaptation" name="test_coding_topic_maps_correctly" time="0.037" /><testcase classname="tests.unit.test_stage11_5_coding_adaptation" name="test_multiple_coding_attempts_aggregate_correctly" time="0.035" /><testcase classname="tests.unit.test_stage11_5_coding_adaptation" name="test_observation_strictly_6d_and_bounded" time="0.002" /><testcase classname="tests.unit.test_stage11_5_coding_adaptation" name="test_coding_execution_time_does_not_enter_rl_state" time="0.002" /><testcase classname="tests.unit.test_stage11_5_coding_adaptation" name="test_runtime_and_training_state_formula_consistency" time="0.004" /><testcase classname="tests.unit.test_stage11_5_coding_adaptation" name="test_strong_vs_weak_coding_trajectory_divergence" time="0.109" /><testcase classname="tests.unit.test_stage11_5_coding_adaptation" name="test_ppo_policy_authoritative_inference" time="0.029" /><testcase classname="tests.unit.test_stage11_5_coding_adaptation" name="test_post_coding_next_question_uses_updated_state" time="0.058" /><testcase classname="tests.unit.test_stage11_5_coding_adaptation" name="test_mixed_verbal_and_coding_session_accounting" time="0.031" /><testcase classname="tests.unit.test_stage11_5_coding_adaptation" name="test_coding_turn_preserves_speech_confidence_and_does_not_fabricate_metrics" time="0.033"><failure message="assert 0.0 ± 0.001 == 0.22&#10;  &#10;  comparison failed&#10;  Obtained: 0.22&#10;  Expected: 0.0 ± 0.001">tests\unit\test_stage11_5_coding_adaptation.py:432: in test_coding_turn_preserves_speech_confidence_and_does_not_fabricate_metrics
    assert pytest.approx(float(obs[4]), abs=1e-3) == 0.22  # Verbal response time preserved, NOT 1850ms execution time
    ^^^^^^^^^^^^^^^^^^^^^^^^^^^^^^^^^^^^^^^^^^^^^^^^^^^^^
E   assert 0.0 ± 0.001 == 0.22
E     
E     comparison failed
E     Obtained: 0.22
E     Expected: 0.0 ± 0.001</failure></testcase><testcase classname="tests.unit.test_stage11_6_full_interview_e2e" name="test_full_interview_lifecycle" time="12.074" /><testcase classname="tests.unit.test_stage11_6_full_interview_e2e" name="test_production_evaluator_scoring_and_concepts" time="0.182" /><testcase classname="tests.unit.test_stage11_6_full_interview_e2e" name="test_qwen_followup_grounded_in_gap" time="0.001" /><testcase classname="tests.unit.test_stage11_6_full_interview_e2e" name="test_ppo_inference_and_6d_state_bounds" time="0.019" /><testcase classname="tests.unit.test_stage11_6_full_interview_e2e" name="test_coding_partial_credit_in_sandbox" time="1.674" /><testcase classname="tests.unit.test_stage11_6_full_interview_e2e" name="test_research_artifacts_exist" time="0.005" /><testcase classname="tests.unit.test_timer_scoring" name="test_fast_response_with_strong_score_receives_modest_bonus" time="0.001" /><testcase classname="tests.unit.test_timer_scoring" name="test_fast_wrong_answer_never_receives_speed_bonus" time="0.001" /><testcase classname="tests.unit.test_timer_scoring" name="test_nominal_pacing_produces_zero_modifier" time="0.001" /><testcase classname="tests.unit.test_timer_scoring" name="test_overrun_applies_proportional_overtime_penalty" time="0.002" /><testcase classname="tests.unit.test_timer_scoring" name="test_severe_overrun_penalty_is_capped_at_delta_overrun" time="0.001" /><testcase classname="tests.unit.test_timer_scoring" name="test_fast_wrong_score_is_strictly_less_than_slower_correct_score" time="0.001" /><testcase classname="tests.unit.test_timer_scoring" name="test_score_bounds_clamping_at_zero_and_one" time="0.001" /><testcase classname="tests.unit.test_timer_scoring" name="test_configurable_timing_parameters_override" time="0.001" /><testcase classname="tests.unit.test_timer_scoring" name="test_orchestrator_voice_answer_records_raw_and_timed_scores" time="5.001" /><testcase classname="tests.unit.test_timer_scoring" name="test_stt_unavailable_produces_zero_without_timing_artifacts" time="4.916" /><testcase classname="tests.unit.test_timer_scoring" name="test_skip_question_records_zero_across_all_metrics" time="0.034" /><testcase classname="tests.unit.test_timer_scoring" name="test_final_report_contains_transparent_component_breakdown" time="4.903" /><testcase classname="tests.unit.test_timer_scoring" name="test_code_submission_distinguishes_response_and_execution_timing" time="0.053" /></testsuite></testsuites>