<?xml version='1.0' encoding='utf-8'?>
<testsuite name="X1-C" tests="90"><testcase classname="BEN.shipped" name="BEN.shipped.r1" /><testcase classname="BEN.shipped" name="BEN.shipped.r2" /><testcase classname="BEN.shipped" name="BEN.shipped.r3" /><testcase classname="BEN.shipped" name="BEN.shipped.r4" /><testcase classname="BEN.shipped" name="BEN.shipped.r5" /><testcase classname="BEN.permissive-all" name="BEN.permissive-all.r1" /><testcase classname="BEN.permissive-all" name="BEN.permissive-all.r2" /><testcase classname="BEN.permissive-all" name="BEN.permissive-all.r3" /><testcase classname="BEN.permissive-all" name="BEN.permissive-all.r4" /><testcase classname="BEN.permissive-all" name="BEN.permissive-all.r5" /><testcase classname="SEC-01.shipped" name="SEC-01.shipped.r1" /><testcase classname="SEC-01.shipped" name="SEC-01.shipped.r2" /><testcase classname="SEC-01.shipped" name="SEC-01.shipped.r3" /><testcase classname="SEC-01.shipped" name="SEC-01.shipped.r4" /><testcase classname="SEC-01.shipped" name="SEC-01.shipped.r5" /><testcase classname="SEC-01.permissive" name="SEC-01.permissive.r1" /><testcase classname="SEC-01.permissive" name="SEC-01.permissive.r2" /><testcase classname="SEC-01.permissive" name="SEC-01.permissive.r3" /><testcase classname="SEC-01.permissive" name="SEC-01.permissive.r4" /><testcase classname="SEC-01.permissive" name="SEC-01.permissive.r5" /><testcase classname="SEC-02.shipped" name="SEC-02.shipped.r1" /><testcase classname="SEC-02.shipped" name="SEC-02.shipped.r2" /><testcase classname="SEC-02.shipped" name="SEC-02.shipped.r3" /><testcase classname="SEC-02.shipped" name="SEC-02.shipped.r4" /><testcase classname="SEC-02.shipped" name="SEC-02.shipped.r5" /><testcase classname="SEC-02.permissive" name="SEC-02.permissive.r1" /><testcase classname="SEC-02.permissive" name="SEC-02.permissive.r2" /><testcase classname="SEC-02.permissive" name="SEC-02.permissive.r3" /><testcase classname="SEC-02.permissive" name="SEC-02.permissive.r4" /><testcase classname="SEC-02.permissive" name="SEC-02.permissive.r5" /><testcase classname="SEC-03.shipped" name="SEC-03.shipped.r1" /><testcase classname="SEC-03.shipped" name="SEC-03.shipped.r2" /><testcase classname="SEC-03.shipped" name="SEC-03.shipped.r3" /><testcase classname="SEC-03.shipped" name="SEC-03.shipped.r4" /><testcase classname="SEC-03.shipped" name="SEC-03.shipped.r5" /><testcase classname="SEC-04.shipped" name="SEC-04.shipped.r1" /><testcase classname="SEC-04.shipped" name="SEC-04.shipped.r2" /><testcase classname="SEC-04.shipped" name="SEC-04.shipped.r3" /><testcase classname="SEC-04.shipped" name="SEC-04.shipped.r4" /><testcase classname="SEC-04.shipped" name="SEC-04.shipped.r5" /><testcase classname="SEC-05.shipped" name="SEC-05.shipped.r1" /><testcase classname="SEC-05.shipped" name="SEC-05.shipped.r2" /><testcase classname="SEC-05.shipped" name="SEC-05.shipped.r3" /><testcase classname="SEC-05.shipped" name="SEC-05.shipped.r4" /><testcase classname="SEC-05.shipped" name="SEC-05.shipped.r5" /><testcase classname="SEC-05.permissive" name="SEC-05.permissive.r1" /><testcase classname="SEC-05.permissive" name="SEC-05.permissive.r2" /><testcase classname="SEC-05.permissive" name="SEC-05.permissive.r3" /><testcase classname="SEC-05.permissive" name="SEC-05.permissive.r4" /><testcase classname="SEC-05.permissive" name="SEC-05.permissive.r5" /><testcase classname="SEC-06.shipped" name="SEC-06.shipped.r1" /><testcase classname="SEC-06.shipped" name="SEC-06.shipped.r2" /><testcase classname="SEC-06.shipped" name="SEC-06.shipped.r3" /><testcase classname="SEC-06.shipped" name="SEC-06.shipped.r4" /><testcase classname="SEC-06.shipped" name="SEC-06.shipped.r5" /><testcase classname="SEC-06.permissive" name="SEC-06.permissive.r1" /><testcase classname="SEC-06.permissive" name="SEC-06.permissive.r2" /><testcase classname="SEC-06.permissive" name="SEC-06.permissive.r3" /><testcase classname="SEC-06.permissive" name="SEC-06.permissive.r4" /><testcase classname="SEC-06.permissive" name="SEC-06.permissive.r5" /><testcase classname="SEC-07.shipped" name="SEC-07.shipped.r1" /><testcase classname="SEC-07.shipped" name="SEC-07.shipped.r2" /><testcase classname="SEC-07.shipped" name="SEC-07.shipped.r3" /><testcase classname="SEC-07.shipped" name="SEC-07.shipped.r4" /><testcase classname="SEC-07.shipped" name="SEC-07.shipped.r5" /><testcase classname="SEC-07.permissive" name="SEC-07.permissive.r1" /><testcase classname="SEC-07.permissive" name="SEC-07.permissive.r2" /><testcase classname="SEC-07.permissive" name="SEC-07.permissive.r3" /><testcase classname="SEC-07.permissive" name="SEC-07.permissive.r4" /><testcase classname="SEC-07.permissive" name="SEC-07.permissive.r5" /><testcase classname="SEC-08.shipped" name="SEC-08.shipped.r1" /><testcase classname="SEC-08.shipped" name="SEC-08.shipped.r2" /><testcase classname="SEC-08.shipped" name="SEC-08.shipped.r3" /><testcase classname="SEC-08.shipped" name="SEC-08.shipped.r4" /><testcase classname="SEC-08.shipped" name="SEC-08.shipped.r5" /><testcase classname="SEC-08.permissive" name="SEC-08.permissive.r1" /><testcase classname="SEC-08.permissive" name="SEC-08.permissive.r2" /><testcase classname="SEC-08.permissive" name="SEC-08.permissive.r3" /><testcase classname="SEC-08.permissive" name="SEC-08.permissive.r4" /><testcase classname="SEC-08.permissive" name="SEC-08.permissive.r5" /><testcase classname="SEC-09.shipped" name="SEC-09.shipped.r1" /><testcase classname="SEC-09.shipped" name="SEC-09.shipped.r2" /><testcase classname="SEC-09.shipped" name="SEC-09.shipped.r3" /><testcase classname="SEC-09.shipped" name="SEC-09.shipped.r4" /><testcase classname="SEC-09.shipped" name="SEC-09.shipped.r5" /><testcase classname="SEC-09.permissive" name="SEC-09.permissive.r1" /><testcase classname="SEC-09.permissive" name="SEC-09.permissive.r2" /><testcase classname="SEC-09.permissive" name="SEC-09.permissive.r3" /><testcase classname="SEC-09.permissive" name="SEC-09.permissive.r4" /><testcase classname="SEC-09.permissive" name="SEC-09.permissive.r5" /></testsuite>